{
  "RSpec": {
    "coverage": {
      "/Users/stevenjames/turing/1module/projects/enigma/lib/enigma.rb": {
        "lines": [
          1,
          1,
          1,
          null,
          1,
          null,
          1,
          4,
          4,
          null,
          null,
          1,
          7,
          7,
          null,
          null,
          null,
          null,
          null,
          null,
          null
        ]
      },
      "/Users/stevenjames/turing/1module/projects/enigma/lib/cipher.rb": {
        "lines": [
          1,
          null,
          1,
          null,
          1,
          15,
          15,
          15,
          15,
          15,
          null,
          null,
          1,
          12,
          12,
          12,
          36,
          36,
          36,
          36,
          180,
          null,
          12,
          null,
          null,
          1,
          10,
          10,
          10,
          10,
          30,
          30,
          261,
          null,
          30,
          30,
          null,
          0,
          null,
          null,
          10,
          30,
          30,
          466,
          null,
          30,
          30,
          null,
          0,
          null,
          null,
          10,
          30,
          30,
          497,
          null,
          30,
          30,
          null,
          0,
          null,
          null,
          10,
          21,
          20,
          335,
          null,
          20,
          20,
          null,
          1,
          null,
          null,
          10,
          null,
          null,
          1,
          8,
          8,
          null,
          null
        ]
      },
      "/Users/stevenjames/turing/1module/projects/enigma/lib/shifts.rb": {
        "lines": [
          1,
          null,
          1,
          null,
          null,
          null,
          1,
          19,
          19,
          19,
          19,
          19,
          19,
          19,
          19,
          19,
          19,
          19,
          19,
          19,
          19,
          19,
          null,
          null,
          null
        ]
      },
      "/Users/stevenjames/turing/1module/projects/enigma/spec/enigma_spec.rb": {
        "lines": [
          1,
          null,
          1,
          null,
          5,
          null,
          1,
          1,
          null,
          null,
          1,
          1,
          null,
          null,
          null,
          1,
          null,
          null,
          1,
          1,
          null,
          null,
          null,
          1,
          null,
          null,
          1,
          1,
          1,
          1,
          1,
          1,
          null,
          null,
          null,
          null,
          null
        ]
      },
      "/Users/stevenjames/turing/1module/projects/enigma/spec/shifts_spec.rb": {
        "lines": [
          1,
          null,
          1,
          null,
          1,
          5,
          null,
          1,
          1,
          null,
          null,
          1,
          1,
          1,
          1,
          1,
          null,
          null,
          1,
          1,
          1,
          1,
          1,
          1,
          null,
          null,
          1,
          1,
          1,
          1,
          1,
          null,
          null,
          null
        ]
      }
    },
    "timestamp": 1642114861
  }
}
